<?xml version="1.0" encoding="UTF-8"?>
<!-- Generated by org.testng.reporters.JUnitReportReporter -->
<testsuite hostname="DESKTOP-SA1USCR" failures="0" tests="1" name="test.Beymen01" time="99.510" errors="0" timestamp="2023-04-28T23:10:18 TRT" skipped="0">
  <testcase classname="test.Beymen01" name="beymenSeleniumTest" time="99.510"/>
  <system-out/>
</testsuite> <!-- test.Beymen01 -->
